<?xml version="1.0" encoding="UTF-8"?>
<!-- Generated by org.testng.reporters.JUnitReportReporter -->
<testsuite hostname="LAPTOP-R71NDIPV" failures="0" tests="1" name="dem.NewTest" time="0.009" errors="0" timestamp="2023-09-01T17:28:12 IST" skipped="0">
  <testcase classname="dem.NewTest" name="f" time="0.009"/>
  <system-out/>
</testsuite> <!-- dem.NewTest -->
